[2025-04-26 16:35:10,828] INFO - Loaded model/data from C:\Users\emon1\Desktop\ready 1 2 3\new test\app\..\models\cf_model.pkl
[2025-04-26 16:35:10,831] INFO - Loaded model/data from C:\Users\emon1\Desktop\ready 1 2 3\new test\app\..\models\book_pivot.pkl
[2025-04-26 16:35:10,838] INFO - Loaded model/data from C:\Users\emon1\Desktop\ready 1 2 3\new test\app\..\models\tfidf_vectorizer.pkl
[2025-04-26 16:35:10,842] INFO - Loaded model/data from C:\Users\emon1\Desktop\ready 1 2 3\new test\app\..\models\content_sim_matrix.pkl
[2025-04-26 16:35:10,842] INFO - Loaded model/data from C:\Users\emon1\Desktop\ready 1 2 3\new test\app\..\models\title_to_idx.pkl
[2025-04-26 16:35:10,843] INFO - Loaded model/data from C:\Users\emon1\Desktop\ready 1 2 3\new test\app\..\models\books_content.pkl
[2025-04-26 16:35:10,865] INFO - Loaded model/data from C:\Users\emon1\Desktop\ready 1 2 3\new test\app\..\models\final_rating.pkl
[2025-04-26 16:35:11,104] INFO - Loaded model/data from C:\Users\emon1\Desktop\ready 1 2 3\new test\app\..\models\books_data.pkl
[2025-04-26 16:35:16,593] INFO - Collaborative recommendations generated for: 2nd Chance
[2025-04-26 16:35:16,594] ERROR - Error in content recommendations: index 788 is out of bounds for axis 0 with size 742
[2025-04-26 16:35:16,594] INFO - Hybrid recommendations generated for: 2nd Chance
[2025-04-26 18:35:14,155] INFO - Collaborative recommendations generated for: The Face of Deception
[2025-04-26 18:35:14,159] ERROR - Error in content recommendations: index 8379 is out of bounds for axis 0 with size 742
[2025-04-26 18:35:14,160] INFO - Hybrid recommendations generated for: The Face of Deception
[2025-04-26 18:35:24,976] INFO - Collaborative recommendations generated for: A Widow for One Year
[2025-04-26 18:35:24,978] INFO - Content-based recommendations generated for: A Widow for One Year
[2025-04-26 18:35:24,978] INFO - Hybrid recommendations generated for: A Widow for One Year
[2025-04-26 18:35:30,679] INFO - Collaborative recommendations generated for: Absolute Power
[2025-04-26 18:35:30,679] ERROR - Error in content recommendations: index 1962 is out of bounds for axis 0 with size 742
[2025-04-26 18:35:30,680] INFO - Hybrid recommendations generated for: Absolute Power
[2025-04-26 18:35:44,548] INFO - Collaborative recommendations generated for: American Gods
[2025-04-26 18:35:44,549] ERROR - Error in content recommendations: index 1175 is out of bounds for axis 0 with size 742
[2025-04-26 18:35:44,549] INFO - Hybrid recommendations generated for: American Gods
[2025-04-26 18:35:56,726] INFO - Collaborative recommendations generated for: Animal Farm
[2025-04-26 18:35:56,728] INFO - Content-based recommendations generated for: Animal Farm
[2025-04-26 18:35:56,729] INFO - Hybrid recommendations generated for: Animal Farm
[2025-04-26 18:36:10,645] INFO - Collaborative recommendations generated for: The Runaway Jury
[2025-04-26 18:36:10,646] ERROR - Error in content recommendations: index 3290 is out of bounds for axis 0 with size 742
[2025-04-26 18:36:10,647] INFO - Hybrid recommendations generated for: The Runaway Jury
[2025-04-26 18:36:23,669] INFO - Collaborative recommendations generated for: The Rainmaker
[2025-04-26 18:36:23,669] ERROR - Error in content recommendations: index 1012 is out of bounds for axis 0 with size 742
[2025-04-26 18:36:23,669] INFO - Hybrid recommendations generated for: The Rainmaker
[2025-04-26 18:36:37,321] ERROR - Error in content recommendations: index 1012 is out of bounds for axis 0 with size 742
[2025-04-26 18:36:37,364] INFO - Popular books fetched.
[2025-04-26 18:37:08,719] INFO - Collaborative recommendations generated for: The Rainmaker
[2025-04-26 18:37:08,719] ERROR - Error in content recommendations: index 1012 is out of bounds for axis 0 with size 742
[2025-04-26 18:37:08,719] INFO - Hybrid recommendations generated for: The Rainmaker
[2025-04-26 18:38:27,171] INFO - Loaded model/data from C:\Users\emon1\Desktop\ready 1 2 3\new test\app\..\models\cf_model.pkl
[2025-04-26 18:38:27,184] INFO - Loaded model/data from C:\Users\emon1\Desktop\ready 1 2 3\new test\app\..\models\book_pivot.pkl
[2025-04-26 18:38:27,195] INFO - Loaded model/data from C:\Users\emon1\Desktop\ready 1 2 3\new test\app\..\models\tfidf_vectorizer.pkl
[2025-04-26 18:38:27,203] INFO - Loaded model/data from C:\Users\emon1\Desktop\ready 1 2 3\new test\app\..\models\content_sim_matrix.pkl
[2025-04-26 18:38:27,205] INFO - Loaded model/data from C:\Users\emon1\Desktop\ready 1 2 3\new test\app\..\models\title_to_idx.pkl
[2025-04-26 18:38:27,212] INFO - Loaded model/data from C:\Users\emon1\Desktop\ready 1 2 3\new test\app\..\models\books_content.pkl
[2025-04-26 18:38:27,247] INFO - Loaded model/data from C:\Users\emon1\Desktop\ready 1 2 3\new test\app\..\models\final_rating.pkl
[2025-04-26 18:38:27,507] INFO - Loaded model/data from C:\Users\emon1\Desktop\ready 1 2 3\new test\app\..\models\books_data.pkl
[2025-04-26 18:38:31,639] INFO - Collaborative recommendations generated for: 1984
[2025-04-26 18:38:31,640] ERROR - Error in content recommendations: index 2104 is out of bounds for axis 0 with size 742
[2025-04-26 18:38:31,641] INFO - Hybrid recommendations generated for: 1984
